<?xml version="1.0" encoding="UTF-8"?>
<testng-results ignored="0" total="4" passed="4" failed="0" skipped="0">
  <reporter-output>
  </reporter-output>
  <suite started-at="2025-08-30T20:05:19 IST" name="CrossBrowserSuite" finished-at="2025-08-30T20:05:37 IST" duration-ms="18114">
    <groups>
    </groups>
    <test started-at="2025-08-30T20:05:19 IST" name="ChromeTest" finished-at="2025-08-30T20:05:27 IST" duration-ms="7274">
      <class name="com.ab.form.tests.FormPageTest">
        <test-method is-config="true" signature="setUp(java.lang.String)[pri:0, instance:com.ab.form.tests.FormPageTest@40a4337a]" started-at="2025-08-30T20:05:19 IST" name="setUp" finished-at="2025-08-30T20:05:23 IST" duration-ms="3995" status="PASS">
          <params>
            <param index="0">
              <value>
                <![CDATA[chrome]]>
              </value>
            </param>
          </params>
          <reporter-output>
          </reporter-output>
        </test-method> <!-- setUp -->
        <test-method signature="FormPageTitleCheck()[pri:1, instance:com.ab.form.tests.FormPageTest@40a4337a]" started-at="2025-08-30T20:05:23 IST" name="FormPageTitleCheck" finished-at="2025-08-30T20:05:23 IST" duration-ms="21" status="PASS">
          <reporter-output>
          </reporter-output>
        </test-method> <!-- FormPageTitleCheck -->
        <test-method is-config="true" signature="tearDown()[pri:0, instance:com.ab.form.tests.FormPageTest@40a4337a]" started-at="2025-08-30T20:05:23 IST" name="tearDown" finished-at="2025-08-30T20:05:23 IST" duration-ms="113" status="PASS">
          <reporter-output>
          </reporter-output>
        </test-method> <!-- tearDown -->
        <test-method is-config="true" signature="setUp(java.lang.String)[pri:0, instance:com.ab.form.tests.FormPageTest@40a4337a]" started-at="2025-08-30T20:05:23 IST" name="setUp" finished-at="2025-08-30T20:05:25 IST" duration-ms="1243" status="PASS">
          <params>
            <param index="0">
              <value>
                <![CDATA[chrome]]>
              </value>
            </param>
          </params>
          <reporter-output>
          </reporter-output>
        </test-method> <!-- setUp -->
        <test-method signature="Actions()[pri:2, instance:com.ab.form.tests.FormPageTest@40a4337a]" started-at="2025-08-30T20:05:25 IST" name="Actions" finished-at="2025-08-30T20:05:26 IST" duration-ms="1740" status="PASS">
          <reporter-output>
          </reporter-output>
        </test-method> <!-- Actions -->
        <test-method is-config="true" signature="tearDown()[pri:0, instance:com.ab.form.tests.FormPageTest@40a4337a]" started-at="2025-08-30T20:05:26 IST" name="tearDown" finished-at="2025-08-30T20:05:27 IST" duration-ms="124" status="PASS">
          <reporter-output>
          </reporter-output>
        </test-method> <!-- tearDown -->
      </class> <!-- com.ab.form.tests.FormPageTest -->
    </test> <!-- ChromeTest -->
    <test started-at="2025-08-30T20:05:27 IST" name="FireFoxTest" finished-at="2025-08-30T20:05:37 IST" duration-ms="10772">
      <class name="com.ab.form.tests.FormPageTest">
        <test-method is-config="true" signature="setUp(java.lang.String)[pri:0, instance:com.ab.form.tests.FormPageTest@79d8407f]" started-at="2025-08-30T20:05:27 IST" name="setUp" finished-at="2025-08-30T20:05:30 IST" duration-ms="3068" status="PASS">
          <params>
            <param index="0">
              <value>
                <![CDATA[firefox]]>
              </value>
            </param>
          </params>
          <reporter-output>
          </reporter-output>
        </test-method> <!-- setUp -->
        <test-method signature="FormPageTitleCheck()[pri:1, instance:com.ab.form.tests.FormPageTest@79d8407f]" started-at="2025-08-30T20:05:30 IST" name="FormPageTitleCheck" finished-at="2025-08-30T20:05:30 IST" duration-ms="7" status="PASS">
          <reporter-output>
          </reporter-output>
        </test-method> <!-- FormPageTitleCheck -->
        <test-method is-config="true" signature="tearDown()[pri:0, instance:com.ab.form.tests.FormPageTest@79d8407f]" started-at="2025-08-30T20:05:30 IST" name="tearDown" finished-at="2025-08-30T20:05:32 IST" duration-ms="2714" status="PASS">
          <reporter-output>
          </reporter-output>
        </test-method> <!-- tearDown -->
        <test-method is-config="true" signature="setUp(java.lang.String)[pri:0, instance:com.ab.form.tests.FormPageTest@79d8407f]" started-at="2025-08-30T20:05:32 IST" name="setUp" finished-at="2025-08-30T20:05:35 IST" duration-ms="2789" status="PASS">
          <params>
            <param index="0">
              <value>
                <![CDATA[firefox]]>
              </value>
            </param>
          </params>
          <reporter-output>
          </reporter-output>
        </test-method> <!-- setUp -->
        <test-method signature="Actions()[pri:2, instance:com.ab.form.tests.FormPageTest@79d8407f]" started-at="2025-08-30T20:05:35 IST" name="Actions" finished-at="2025-08-30T20:05:37 IST" duration-ms="1348" status="PASS">
          <reporter-output>
          </reporter-output>
        </test-method> <!-- Actions -->
        <test-method is-config="true" signature="tearDown()[pri:0, instance:com.ab.form.tests.FormPageTest@79d8407f]" started-at="2025-08-30T20:05:37 IST" name="tearDown" finished-at="2025-08-30T20:05:37 IST" duration-ms="837" status="PASS">
          <reporter-output>
          </reporter-output>
        </test-method> <!-- tearDown -->
      </class> <!-- com.ab.form.tests.FormPageTest -->
    </test> <!-- FireFoxTest -->
  </suite> <!-- CrossBrowserSuite -->
</testng-results>
