<?xml version="1.0" encoding="UTF-8"?>
<testng-results ignored="0" total="4" passed="4" failed="0" skipped="0">
  <reporter-output>
  </reporter-output>
  <suite started-at="2026-05-25T00:01:49 IST" name="CrossBrowserSuite" finished-at="2026-05-25T00:02:21 IST" duration-ms="32094">
    <groups>
    </groups>
    <test started-at="2026-05-25T00:01:49 IST" name="ChromeTest" finished-at="2026-05-25T00:01:59 IST" duration-ms="10349">
      <class name="com.ab.form.tests.FormPageTest">
        <test-method is-config="true" signature="setUp(java.lang.String)[pri:0, instance:com.ab.form.tests.FormPageTest@40a4337a]" started-at="2026-05-25T00:01:49 IST" name="setUp" finished-at="2026-05-25T00:01:52 IST" duration-ms="3399" status="PASS">
          <params>
            <param index="0">
              <value>
                <![CDATA[chrome]]>
              </value>
            </param>
          </params>
          <reporter-output>
          </reporter-output>
        </test-method> <!-- setUp -->
        <test-method signature="FormPageTitleCheck()[pri:1, instance:com.ab.form.tests.FormPageTest@40a4337a]" started-at="2026-05-25T00:01:52 IST" name="FormPageTitleCheck" finished-at="2026-05-25T00:01:52 IST" duration-ms="48" status="PASS">
          <reporter-output>
          </reporter-output>
        </test-method> <!-- FormPageTitleCheck -->
        <test-method is-config="true" signature="tearDown()[pri:0, instance:com.ab.form.tests.FormPageTest@40a4337a]" started-at="2026-05-25T00:01:52 IST" name="tearDown" finished-at="2026-05-25T00:01:52 IST" duration-ms="247" status="PASS">
          <reporter-output>
          </reporter-output>
        </test-method> <!-- tearDown -->
        <test-method is-config="true" signature="setUp(java.lang.String)[pri:0, instance:com.ab.form.tests.FormPageTest@40a4337a]" started-at="2026-05-25T00:01:52 IST" name="setUp" finished-at="2026-05-25T00:01:54 IST" duration-ms="2085" status="PASS">
          <params>
            <param index="0">
              <value>
                <![CDATA[chrome]]>
              </value>
            </param>
          </params>
          <reporter-output>
          </reporter-output>
        </test-method> <!-- setUp -->
        <test-method signature="Actions()[pri:2, instance:com.ab.form.tests.FormPageTest@40a4337a]" started-at="2026-05-25T00:01:54 IST" name="Actions" finished-at="2026-05-25T00:01:59 IST" duration-ms="4148" status="PASS">
          <reporter-output>
          </reporter-output>
        </test-method> <!-- Actions -->
        <test-method is-config="true" signature="tearDown()[pri:0, instance:com.ab.form.tests.FormPageTest@40a4337a]" started-at="2026-05-25T00:01:59 IST" name="tearDown" finished-at="2026-05-25T00:01:59 IST" duration-ms="330" status="PASS">
          <reporter-output>
          </reporter-output>
        </test-method> <!-- tearDown -->
      </class> <!-- com.ab.form.tests.FormPageTest -->
    </test> <!-- ChromeTest -->
    <test started-at="2026-05-25T00:01:59 IST" name="FireFoxTest" finished-at="2026-05-25T00:02:21 IST" duration-ms="21605">
      <class name="com.ab.form.tests.FormPageTest">
        <test-method is-config="true" signature="setUp(java.lang.String)[pri:0, instance:com.ab.form.tests.FormPageTest@5fbe4146]" started-at="2026-05-25T00:01:59 IST" name="setUp" finished-at="2026-05-25T00:02:07 IST" duration-ms="7687" status="PASS">
          <params>
            <param index="0">
              <value>
                <![CDATA[firefox]]>
              </value>
            </param>
          </params>
          <reporter-output>
          </reporter-output>
        </test-method> <!-- setUp -->
        <test-method signature="FormPageTitleCheck()[pri:1, instance:com.ab.form.tests.FormPageTest@5fbe4146]" started-at="2026-05-25T00:02:07 IST" name="FormPageTitleCheck" finished-at="2026-05-25T00:02:07 IST" duration-ms="298" status="PASS">
          <reporter-output>
          </reporter-output>
        </test-method> <!-- FormPageTitleCheck -->
        <test-method is-config="true" signature="tearDown()[pri:0, instance:com.ab.form.tests.FormPageTest@5fbe4146]" started-at="2026-05-25T00:02:07 IST" name="tearDown" finished-at="2026-05-25T00:02:09 IST" duration-ms="1861" status="PASS">
          <reporter-output>
          </reporter-output>
        </test-method> <!-- tearDown -->
        <test-method is-config="true" signature="setUp(java.lang.String)[pri:0, instance:com.ab.form.tests.FormPageTest@5fbe4146]" started-at="2026-05-25T00:02:09 IST" name="setUp" finished-at="2026-05-25T00:02:16 IST" duration-ms="6902" status="PASS">
          <params>
            <param index="0">
              <value>
                <![CDATA[firefox]]>
              </value>
            </param>
          </params>
          <reporter-output>
          </reporter-output>
        </test-method> <!-- setUp -->
        <test-method signature="Actions()[pri:2, instance:com.ab.form.tests.FormPageTest@5fbe4146]" started-at="2026-05-25T00:02:16 IST" name="Actions" finished-at="2026-05-25T00:02:19 IST" duration-ms="3091" status="PASS">
          <reporter-output>
          </reporter-output>
        </test-method> <!-- Actions -->
        <test-method is-config="true" signature="tearDown()[pri:0, instance:com.ab.form.tests.FormPageTest@5fbe4146]" started-at="2026-05-25T00:02:19 IST" name="tearDown" finished-at="2026-05-25T00:02:21 IST" duration-ms="1748" status="PASS">
          <reporter-output>
          </reporter-output>
        </test-method> <!-- tearDown -->
      </class> <!-- com.ab.form.tests.FormPageTest -->
    </test> <!-- FireFoxTest -->
  </suite> <!-- CrossBrowserSuite -->
</testng-results>
