<?xml version="1.0" encoding="UTF-8"?>
<!-- Generated by org.testng.reporters.JUnitXMLReporter -->
<testsuite ignored="0" hostname="LAPTOP-QK4QKG3V" failures="0" tests="2" name="EdgeTest" time="0.048" errors="0" timestamp="2025-08-19T19:32:07 IST">
  <testcase classname="com.ab.form.tests.FormPageTest" name="FormPageTitleCheck" time="0.001">
    <skipped/>
  </testcase> <!-- FormPageTitleCheck -->
  <testcase classname="com.ab.form.tests.FormPageTest" name="Actions" time="0.001">
    <skipped/>
  </testcase> <!-- Actions -->
</testsuite> <!-- EdgeTest -->
